<?xml version="1.0" encoding="UTF-8"?>
<!-- Generated by org.testng.reporters.JUnitReportReporter -->
<testsuite hostname="LAPTOP-SANAMQNB" failures="0" tests="4" name="Signup.MyTestCases" time="16.134" errors="0" timestamp="2025-07-15T21:49:22 AST" skipped="1">
  <testcase classname="Signup.MyTestCases" name="Signup" time="11.678"/>
  <testcase classname="Signup.MyTestCases" name="Logout" time="2.122"/>
  <testcase classname="Signup.MyTestCases" name="Login" time="2.334"/>
  <testcase classname="Signup.MyTestCases" name="AddtoCart">
    <skipped/>
  </testcase> <!-- AddtoCart -->
</testsuite> <!-- Signup.MyTestCases -->
