<?xml version="1.0" encoding="UTF-8"?>
<!-- Generated by org.testng.reporters.JUnitReportReporter -->
<testsuite hostname="LAPTOP-SANAMQNB" failures="0" tests="8" name="Signup.MyTestCases" time="23.564" errors="0" timestamp="2025-07-09T00:38:01 AST" skipped="3">
  <testcase classname="Signup.MyTestCases" name="AddtoCart" time="4.311"/>
  <testcase classname="Signup.MyTestCases" name="AddtoCart" time="4.324"/>
  <testcase classname="Signup.MyTestCases" name="AddtoCart" time="4.497"/>
  <testcase classname="Signup.MyTestCases" name="AddtoCart" time="5.463"/>
  <testcase classname="Signup.MyTestCases" name="AddtoCart" time="4.969"/>
  <testcase classname="Signup.MyTestCases" name="Login">
    <skipped/>
  </testcase> <!-- Login -->
  <testcase classname="Signup.MyTestCases" name="Signup">
    <skipped/>
  </testcase> <!-- Signup -->
  <testcase classname="Signup.MyTestCases" name="Logout">
    <skipped/>
  </testcase> <!-- Logout -->
</testsuite> <!-- Signup.MyTestCases -->
