<?xml version="1.0" encoding="UTF-8"?>
<!-- Generated by org.testng.reporters.JUnitReportReporter -->
<testsuite hostname="LAPTOP-SANAMQNB" failures="0" tests="1" name="Signup.MyTestCases" time="10.637" errors="0" timestamp="2025-07-06T22:54:48 AST" skipped="0">
  <testcase classname="Signup.MyTestCases" name="Signup" time="10.637"/>
</testsuite> <!-- Signup.MyTestCases -->
